<?xml version="1.0" encoding="UTF-8"?>
<testng-results ignored="0" total="1" passed="1" failed="0" skipped="0">
  <reporter-output>
    <line>
      <![CDATA[the first web element collected was: Cole Kedzierski - PNC
LinkedIn · Cole Kedzierski
200+ followers]]>
    </line>
    <line>
      <![CDATA[The page that the test ended up on was: https://www.linkedin.com/in/cole-kedzierski]]>
    </line>
  </reporter-output>
  <suite started-at="2024-10-12T15:51:41 EDT" name="Default suite" finished-at="2024-10-12T15:51:54 EDT" duration-ms="12364">
    <groups>
    </groups>
    <test started-at="2024-10-12T15:51:41 EDT" name="Default test" finished-at="2024-10-12T15:51:54 EDT" duration-ms="12364">
      <class name="Google.searching">
        <test-method is-config="true" signature="setup()[pri:0, instance:Google.searching@235834f2]" started-at="2024-10-12T15:51:41 EDT" name="setup" finished-at="2024-10-12T15:51:43 EDT" duration-ms="1422" status="PASS">
          <reporter-output>
          </reporter-output>
        </test-method> <!-- setup -->
        <test-method signature="search()[pri:0, instance:Google.searching@235834f2]" started-at="2024-10-12T15:51:43 EDT" name="search" finished-at="2024-10-12T15:51:52 EDT" duration-ms="9085" status="PASS">
          <reporter-output>
            <line>
              <![CDATA[the first web element collected was: Cole Kedzierski - PNC
LinkedIn · Cole Kedzierski
200+ followers]]>
            </line>
            <line>
              <![CDATA[The page that the test ended up on was: https://www.linkedin.com/in/cole-kedzierski]]>
            </line>
          </reporter-output>
        </test-method> <!-- search -->
        <test-method is-config="true" signature="tearDown()[pri:0, instance:Google.searching@235834f2]" started-at="2024-10-12T15:51:52 EDT" name="tearDown" finished-at="2024-10-12T15:51:54 EDT" duration-ms="1826" status="PASS">
          <reporter-output>
          </reporter-output>
        </test-method> <!-- tearDown -->
      </class> <!-- Google.searching -->
    </test> <!-- Default test -->
  </suite> <!-- Default suite -->
</testng-results>
