<?xml version="1.0" encoding="UTF-8"?>
<testng-results ignored="0" total="1" passed="1" failed="0" skipped="0">
  <reporter-output>
  </reporter-output>
  <suite started-at="2024-11-13T11:25:30 EST" name="Default suite" finished-at="2024-11-13T11:25:35 EST" duration-ms="5812">
    <groups>
    </groups>
    <test started-at="2024-11-13T11:25:30 EST" name="Default test" finished-at="2024-11-13T11:25:35 EST" duration-ms="5812">
      <class name="testngWithSelenium.NetworkInterceptPractice">
        <test-method is-config="true" signature="setup()[pri:0, instance:testngWithSelenium.NetworkInterceptPractice@815b41f]" started-at="2024-11-13T11:25:30 EST" name="setup" finished-at="2024-11-13T11:25:32 EST" duration-ms="1945" status="PASS">
          <reporter-output>
          </reporter-output>
        </test-method> <!-- setup -->
        <test-method signature="intercept()[pri:0, instance:testngWithSelenium.NetworkInterceptPractice@815b41f]" started-at="2024-11-13T11:25:32 EST" name="intercept" finished-at="2024-11-13T11:25:35 EST" duration-ms="3314" status="PASS">
          <reporter-output>
          </reporter-output>
        </test-method> <!-- intercept -->
        <test-method is-config="true" signature="tearDown()[pri:0, instance:testngWithSelenium.NetworkInterceptPractice@815b41f]" started-at="2024-11-13T11:25:35 EST" name="tearDown" finished-at="2024-11-13T11:25:35 EST" duration-ms="504" status="PASS">
          <reporter-output>
          </reporter-output>
        </test-method> <!-- tearDown -->
      </class> <!-- testngWithSelenium.NetworkInterceptPractice -->
    </test> <!-- Default test -->
  </suite> <!-- Default suite -->
</testng-results>
